#
# A fatal error has been detected by the Java Runtime Environment:
#
#  EXCEPTION_ACCESS_VIOLATION (0xc0000005) at pc=0x00007fffa845d5f5, pid=10644, tid=11500
#
# JRE version: Java(TM) SE Runtime Environment (12.0.2+10) (build 12.0.2+10)
# Java VM: Java HotSpot(TM) 64-Bit Server VM (12.0.2+10, mixed mode, sharing, tiered, compressed oops, g1 gc, windows-amd64)
# Problematic frame:
# V  [jvm.dll+0x5ed5f5]
#
# No core dump will be written. Minidumps are not enabled by default on client versions of Windows
#
# If you would like to submit a bug report, please visit:
#   http://bugreport.java.com/bugreport/crash.jsp
#

---------------  S U M M A R Y ------------

Command Line: -Dfile.encoding=UTF-8 -agentpath:E:/Program Files (x86)/netbeans/profiler/lib/deployed/jdk16/windows-amd64/profilerinterface.dll=E:\Program Files (x86)\netbeans\profiler\lib,5140,10 -XX:+HeapDumpOnOutOfMemoryError -XX:HeapDumpPath=E:\Yann\Code\projet_info3A_2019_2020\nbproject\private\profiler dijkstra.Main

Host: AMD Ryzen 5 3600 6-Core Processor              , 12 cores, 31G,  Windows 10 , 64 bit Build 18362 (10.0.18362.329)
Time: Tue Dec  3 22:13:31 2019 Paris, Madrid elapsed time: 78 seconds (0d 0h 1m 18s)

---------------  T H R E A D  ---------------

Current thread (0x00000232c8299800):  JavaThread "*** Profiler Agent Communication Thread" daemon [_thread_in_vm, id=11500, stack(0x000000797f100000,0x000000797f200000)]

Stack: [0x000000797f100000,0x000000797f200000],  sp=0x000000797f1fed10,  free space=1019k
Native frames: (J=compiled Java code, j=interpreted, Vv=VM code, C=native code)
V  [jvm.dll+0x5ed5f5]
V  [jvm.dll+0x4b52c4]
C  [profilerinterface.dll+0x34da]

Java frames: (J=compiled Java code, j=interpreted, Vv=VM code)
j  org.netbeans.lib.profiler.server.system.Stacks.getMethodNamesForJMethodIds(I[I[I)[B+0
j  org.netbeans.lib.profiler.server.ProfilerInterface.getMethodNamesForJMethodIds([I)Lorg/netbeans/lib/profiler/wireprotocol/MethodNamesResponse;+20
j  org.netbeans.lib.profiler.server.ProfilerServer.handleClientCommand(Lorg/netbeans/lib/profiler/wireprotocol/Command;)V+691
j  org.netbeans.lib.profiler.server.ProfilerServer.listenToClient()V+48
j  org.netbeans.lib.profiler.server.ProfilerServer.run()V+22
v  ~StubRoutines::call_stub

siginfo: EXCEPTION_ACCESS_VIOLATION (0xc0000005), reading address 0xffffffffd970bed0


Register to memory mapping:

RIP=0x00007fffa845d5f5 jvm.dll
RAX=0x000000797f1fed01 is pointing into the stack for thread: 0x00000232c8299800
RBX=0x00000232c8299800 is a thread
RCX=0xffffffffd970bed0 is an unknown value
RDX=0x00000232c8299800 is a thread
RSP=0x000000797f1fed10 is pointing into the stack for thread: 0x00000232c8299800
RBP=0xffffffffd970bed0 is an unknown value
RSI=0x000000797f1fee30 is pointing into the stack for thread: 0x00000232c8299800
RDI=0x0000023298665cd0 points into unknown readable memory: d0 34 89 a8 ff 7f 00 00
R8 =0x000000797f1fee30 is pointing into the stack for thread: 0x00000232c8299800
R9 =0x0000000000000001 is an unknown value
R10=0x0 is NULL
R11=0x000000797f1fed08 is pointing into the stack for thread: 0x00000232c8299800
R12=0x00000232d7c0b750 points into unknown readable memory: d0 be 70 19 e0 be 70 19
R13=0x000000000000001d is an unknown value
R14=0x00007fffdd2a9c68 profilerinterface.dll
R15=0x00007fffdd2a9a60 profilerinterface.dll


Registers:
RAX=0x000000797f1fed01, RBX=0x00000232c8299800, RCX=0xffffffffd970bed0, RDX=0x00000232c8299800
RSP=0x000000797f1fed10, RBP=0xffffffffd970bed0, RSI=0x000000797f1fee30, RDI=0x0000023298665cd0
R8 =0x000000797f1fee30, R9 =0x0000000000000001, R10=0x0000000000000000, R11=0x000000797f1fed08
R12=0x00000232d7c0b750, R13=0x000000000000001d, R14=0x00007fffdd2a9c68, R15=0x00007fffdd2a9a60
RIP=0x00007fffa845d5f5, EFLAGS=0x0000000000010282

Top of Stack: (sp=0x000000797f1fed10)
0x000000797f1fed10:   00000232c8299800 00007fffa82576a3
0x000000797f1fed20:   00000232c8299800 000000797f1ff3f0
0x000000797f1fed30:   00000232c8299800 00007fffa83252c4
0x000000797f1fed40:   000000000000001d 00000232c8299800
0x000000797f1fed50:   00000232c8299b30 00007fffdfc69da0
0x000000797f1fed60:   00000232c8299800 0000000000000000
0x000000797f1fed70:   0000000000000000 0000000000000000
0x000000797f1fed80:   ffffffffd970bed0 00007fffdd2a34da
0x000000797f1fed90:   0000000000000000 00000232c8299b30
0x000000797f1feda0:   0000000000200021 000000797f1feee0
0x000000797f1fedb0:   00000232d7c0b750 00007fffa8207843
0x000000797f1fedc0:   000000797f1ff3f0 0000000000200021
0x000000797f1fedd0:   0000000000200021 00000232a2d86a43
0x000000797f1fede0:   00000232c86e51a0 00000232c8299800
0x000000797f1fedf0:   00000232c8299800 00000232c86e51a0
0x000000797f1fee00:   0000000000000000 0000000000000002 

Instructions: (pc=0x00007fffa845d5f5)
0x00007fffa845d4f5:   54 24 20 45 33 c0 48 8b 05 9e f7 43 00 48 83 c2
0x00007fffa845d505:   18 48 8b cf ff d0 48 85 c0 74 20 48 8b 44 24 20
0x00007fffa845d515:   48 8b d7 48 8b 48 08 48 8b 41 08 48 8b 48 18 48
0x00007fffa845d525:   8b 89 98 00 00 00 e8 50 f7 ff ff 80 3d 51 9a 4a
0x00007fffa845d535:   00 00 74 18 48 8b 4c 24 20 48 8b d3 e8 4a 2a 00
0x00007fffa845d545:   00 48 83 7b 08 00 74 04 33 db eb 09 48 8b 44 24
0x00007fffa845d555:   20 48 8b 58 18 48 8d 4c 24 20 e8 1c 4f d7 ff 48
0x00007fffa845d565:   8b 7c 24 40 48 8b c3 48 83 c4 30 5b c3 cc cc cc
0x00007fffa845d575:   cc cc cc cc cc cc cc cc cc cc cc 48 8b 51 08 4c
0x00007fffa845d585:   8b c1 48 8b 42 08 0f b6 52 24 c0 ea 06 48 8b 48
0x00007fffa845d595:   18 8b 81 a4 00 00 00 f6 c2 01 75 27 48 85 c9 74
0x00007fffa845d5a5:   14 8b c8 c1 e9 09 f6 c1 01 74 0a 41 f7 40 20 02
0x00007fffa845d5b5:   04 00 00 74 0e 41 8b 48 20 0b c8 f6 c1 10 74 03
0x00007fffa845d5c5:   b0 01 c3 41 83 78 24 fe 0f 94 c0 c3 cc cc cc cc
0x00007fffa845d5d5:   cc cc cc cc cc cc cc cc cc cc cc 48 83 ec 28 48
0x00007fffa845d5e5:   85 c9 75 07 33 c0 48 83 c4 28 c3 48 89 5c 24 20
0x00007fffa845d5f5:   48 8b 19 48 85 db 74 20 48 83 fb 37 74 1a 48 8b
0x00007fffa845d605:   13 48 8b cb ff 52 10 84 c0 74 0d 48 8b c3 48 8b
0x00007fffa845d615:   5c 24 20 48 83 c4 28 c3 33 c0 48 8b 5c 24 20 48
0x00007fffa845d625:   83 c4 28 c3 cc cc cc cc cc cc cc 40 53 55 41 56
0x00007fffa845d635:   41 57 48 83 ec 28 48 8b 41 08 33 ed 4c 8b f1 48
0x00007fffa845d645:   8b 50 08 4c 8b 7a 18 49 8b 9f 78 01 00 00 48 85
0x00007fffa845d655:   db 0f 84 d5 00 00 00 8b 15 a2 28 4f 00 65 48 8b
0x00007fffa845d665:   04 25 58 00 00 00 48 89 74 24 50 4c 89 64 24 60
0x00007fffa845d675:   4c 89 6c 24 20 41 bd ff ff 00 00 4c 8d 24 d0 41
0x00007fffa845d685:   b8 08 00 00 00 48 89 7c 24 58 90 49 8b 56 08 48
0x00007fffa845d695:   8b 73 10 0f b7 42 2a 66 39 43 08 75 6c 0f b7 42
0x00007fffa845d6a5:   2c 66 39 43 0a 75 62 48 63 4b 04 0f b6 03 88 44
0x00007fffa845d6b5:   11 38 49 8b 04 24 41 8b c8 48 8b 3c 01 49 8b ce
0x00007fffa845d6c5:   48 8b d7 e8 63 3e bd ff 48 83 7f 08 00 75 0a 48
0x00007fffa845d6d5:   85 c0 74 05 66 44 01 68 16 48 85 ed 74 14 48 8b
0x00007fffa845d6e5:   cb 48 89 75 10 e8 91 f2 ac ff 41 b8 08 00 00 00 


Stack slot to memory mapping:
stack at sp + 0 slots: 0x00000232c8299800 is a thread
stack at sp + 1 slots: 0x00007fffa82576a3 jvm.dll
stack at sp + 2 slots: 0x00000232c8299800 is a thread
stack at sp + 3 slots: 0x000000797f1ff3f0 is pointing into the stack for thread: 0x00000232c8299800
stack at sp + 4 slots: 0x00000232c8299800 is a thread
stack at sp + 5 slots: 0x00007fffa83252c4 jvm.dll
stack at sp + 6 slots: 0x000000000000001d is an unknown value
stack at sp + 7 slots: 0x00000232c8299800 is a thread


---------------  P R O C E S S  ---------------

Threads class SMR info:
_java_thread_list=0x00000232c96e1400, length=20, elements={
0x00000232c772b800, 0x00000232c772d000, 0x00000232c8103800, 0x00000232c8106000,
0x00000232c8108800, 0x00000232c810f800, 0x00000232c8111000, 0x00000232c8278800,
0x00000232c8299800, 0x00000232c82e6800, 0x00000232c8346000, 0x00000232c96db800,
0x00000232c9628800, 0x00000232c9629000, 0x00000232c9632000, 0x00000232c95f2000,
0x000002329a92b800, 0x00000232c9ba9800, 0x00000232d94ed000, 0x00000232c95ad000
}

Java Threads: ( => current thread )
  0x00000232c772b800 JavaThread "Reference Handler" daemon [_thread_blocked, id=5700, stack(0x000000797e900000,0x000000797ea00000)]
  0x00000232c772d000 JavaThread "Finalizer" daemon [_thread_blocked, id=6096, stack(0x000000797ea00000,0x000000797eb00000)]
  0x00000232c8103800 JavaThread "Signal Dispatcher" daemon [_thread_blocked, id=276, stack(0x000000797eb00000,0x000000797ec00000)]
  0x00000232c8106000 JavaThread "Attach Listener" daemon [_thread_blocked, id=6532, stack(0x000000797ec00000,0x000000797ed00000)]
  0x00000232c8108800 JavaThread "C2 CompilerThread0" daemon [_thread_blocked, id=18752, stack(0x000000797ed00000,0x000000797ee00000)]
  0x00000232c810f800 JavaThread "C1 CompilerThread0" daemon [_thread_blocked, id=9540, stack(0x000000797ee00000,0x000000797ef00000)]
  0x00000232c8111000 JavaThread "Sweeper thread" daemon [_thread_blocked, id=8068, stack(0x000000797ef00000,0x000000797f000000)]
  0x00000232c8278800 JavaThread "Common-Cleaner" daemon [_thread_blocked, id=9708, stack(0x000000797f000000,0x000000797f100000)]
=>0x00000232c8299800 JavaThread "*** Profiler Agent Communication Thread" daemon [_thread_in_vm, id=11500, stack(0x000000797f100000,0x000000797f200000)]
  0x00000232c82e6800 JavaThread "*** JFluid Monitor thread ***" daemon [_thread_blocked, id=9452, stack(0x000000797f200000,0x000000797f300000)]
  0x00000232c8346000 JavaThread "*** Profiler Agent Special Execution Thread 6" daemon [_thread_blocked, id=10536, stack(0x000000797f300000,0x000000797f400000)]
  0x00000232c96db800 JavaThread "Service Thread" daemon [_thread_blocked, id=5572, stack(0x000000797f400000,0x000000797f500000)]
  0x00000232c9628800 JavaThread "Java2D Disposer" daemon [_thread_blocked, id=12296, stack(0x000000797f600000,0x000000797f700000)]
  0x00000232c9629000 JavaThread "AWT-Shutdown" [_thread_blocked, id=5092, stack(0x000000797f700000,0x000000797f800000)]
  0x00000232c9632000 JavaThread "AWT-Windows" daemon [_thread_in_native, id=13304, stack(0x000000797f800000,0x000000797f900000)]
  0x00000232c95f2000 JavaThread "AWT-EventQueue-0" [_thread_blocked, id=11980, stack(0x000000797f900000,0x000000797fa00000)]
  0x000002329a92b800 JavaThread "DestroyJavaVM" [_thread_blocked, id=13648, stack(0x000000797e200000,0x000000797e300000)]
  0x00000232c9ba9800 JavaThread "TimerQueue" daemon [_thread_blocked, id=13996, stack(0x000000797fd00000,0x000000797fe00000)]
  0x00000232d94ed000 JavaThread "D3D Screen Updater" daemon [_thread_blocked, id=14364, stack(0x0000007900100000,0x0000007900200000)]
  0x00000232c95ad000 JavaThread "*** Profiler Agent Special Execution Thread 10" daemon [_thread_blocked, id=7980, stack(0x0000007900f00000,0x0000007901000000)]

Other Threads:
  0x00000232c7726000 VMThread "VM Thread" [stack: 0x000000797e800000,0x000000797e900000] [id=8796]
  0x00000232c96dc000 WatcherThread [stack: 0x000000797f500000,0x000000797f600000] [id=2508]
  0x000002329a9ae800 GCTaskThread "GC Thread#0" [stack: 0x000000797e300000,0x000000797e400000] [id=13928]
  0x00000232d8c90000 GCTaskThread "GC Thread#1" [stack: 0x0000007900300000,0x0000007900400000] [id=15348]
  0x00000232c9a87800 GCTaskThread "GC Thread#2" [stack: 0x0000007900400000,0x0000007900500000] [id=16496]
  0x00000232c9a88800 GCTaskThread "GC Thread#3" [stack: 0x0000007900500000,0x0000007900600000] [id=13672]
  0x00000232c9a89000 GCTaskThread "GC Thread#4" [stack: 0x0000007900600000,0x0000007900700000] [id=6800]
  0x00000232d8da3000 GCTaskThread "GC Thread#5" [stack: 0x0000007900700000,0x0000007900800000] [id=1600]
  0x00000232d8da5800 GCTaskThread "GC Thread#6" [stack: 0x0000007900800000,0x0000007900900000] [id=14664]
  0x00000232d8da9000 GCTaskThread "GC Thread#7" [stack: 0x0000007900900000,0x0000007900a00000] [id=15428]
  0x00000232d8da9800 GCTaskThread "GC Thread#8" [stack: 0x0000007900a00000,0x0000007900b00000] [id=17936]
  0x00000232d9636800 GCTaskThread "GC Thread#9" [stack: 0x0000007900b00000,0x0000007900c00000] [id=848]
  0x000002329a9c9800 ConcurrentGCThread "G1 Main Marker" [stack: 0x000000797e400000,0x000000797e500000] [id=17060]
  0x000002329a9cc800 ConcurrentGCThread "G1 Conc#0" [stack: 0x000000797e500000,0x000000797e600000] [id=16388]
  0x00000232c76d6000 ConcurrentGCThread "G1 Refine#0" [stack: 0x000000797e600000,0x000000797e700000] [id=1944]
  0x00000232d96eb000 ConcurrentGCThread "G1 Refine#1" [stack: 0x0000007900c00000,0x0000007900d00000] [id=3156]
  0x00000232c76d7000 ConcurrentGCThread "G1 Young RemSet Sampling" [stack: 0x000000797e700000,0x000000797e800000] [id=7592]

Threads with active compile tasks:

VM state:synchronizing (normal execution)

VM Mutex/Monitor currently owned by a thread:  ([mutex/lock_event])
[0x000002329a928440] Threads_lock - owner thread: 0x00000232c7726000

Heap address: 0x0000000601200000, size: 8174 MB, Compressed Oops mode: Zero based, Oop shift amount: 3
Narrow klass base: 0x0000000800000000, Narrow klass shift: 3
Compressed class space size: 1073741824 Address: 0x0000000801190000

Heap:
 garbage-first heap   total 524288K, used 287838K [0x0000000601200000, 0x0000000800000000)
  region size 2048K, 139 young (284672K), 3 survivors (6144K)
 Metaspace       used 12438K, capacity 12829K, committed 12928K, reserved 1060864K
  class space    used 1423K, capacity 1606K, committed 1664K, reserved 1048576K
Heap Regions: E=young(eden), S=young(survivor), O=old, HS=humongous(starts), HC=humongous(continues), CS=collection set, F=free, A=archive, TAMS=top-at-mark-start (previous, next)
|   0|0x0000000601200000, 0x0000000601400000, 0x0000000601400000|100%|HS|  |TAMS 0x0000000601200000, 0x0000000601200000| Complete 
|   1|0x0000000601400000, 0x0000000601600000, 0x0000000601600000|100%| O|  |TAMS 0x0000000601400000, 0x0000000601400000| Untracked 
|   2|0x0000000601600000, 0x000000060169f200, 0x0000000601800000| 31%| O|  |TAMS 0x0000000601600000, 0x0000000601600000| Untracked 
|   3|0x0000000601800000, 0x0000000601a00000, 0x0000000601a00000|100%|HS|  |TAMS 0x0000000601800000, 0x0000000601800000| Complete 
|   4|0x0000000601a00000, 0x0000000601a00000, 0x0000000601c00000|  0%| F|  |TAMS 0x0000000601a00000, 0x0000000601a00000| Untracked 
|   5|0x0000000601c00000, 0x0000000601c00000, 0x0000000601e00000|  0%| F|  |TAMS 0x0000000601c00000, 0x0000000601c00000| Untracked 
|   6|0x0000000601e00000, 0x0000000601e00000, 0x0000000602000000|  0%| F|  |TAMS 0x0000000601e00000, 0x0000000601e00000| Untracked 
|   7|0x0000000602000000, 0x0000000602000000, 0x0000000602200000|  0%| F|  |TAMS 0x0000000602000000, 0x0000000602000000| Untracked 
|   8|0x0000000602200000, 0x0000000602200000, 0x0000000602400000|  0%| F|  |TAMS 0x0000000602200000, 0x0000000602200000| Untracked 
|   9|0x0000000602400000, 0x0000000602400000, 0x0000000602600000|  0%| F|  |TAMS 0x0000000602400000, 0x0000000602400000| Untracked 
|  10|0x0000000602600000, 0x0000000602600000, 0x0000000602800000|  0%| F|  |TAMS 0x0000000602600000, 0x0000000602600000| Untracked 
|  11|0x0000000602800000, 0x0000000602800000, 0x0000000602a00000|  0%| F|  |TAMS 0x0000000602800000, 0x0000000602800000| Untracked 
|  12|0x0000000602a00000, 0x0000000602a00000, 0x0000000602c00000|  0%| F|  |TAMS 0x0000000602a00000, 0x0000000602a00000| Untracked 
|  13|0x0000000602c00000, 0x0000000602c00000, 0x0000000602e00000|  0%| F|  |TAMS 0x0000000602c00000, 0x0000000602c00000| Untracked 
|  14|0x0000000602e00000, 0x0000000602e00000, 0x0000000603000000|  0%| F|  |TAMS 0x0000000602e00000, 0x0000000602e00000| Untracked 
|  15|0x0000000603000000, 0x0000000603000000, 0x0000000603200000|  0%| F|  |TAMS 0x0000000603000000, 0x0000000603000000| Untracked 
|  16|0x0000000603200000, 0x0000000603200000, 0x0000000603400000|  0%| F|  |TAMS 0x0000000603200000, 0x0000000603200000| Untracked 
|  17|0x0000000603400000, 0x0000000603400000, 0x0000000603600000|  0%| F|  |TAMS 0x0000000603400000, 0x0000000603400000| Untracked 
|  18|0x0000000603600000, 0x0000000603600000, 0x0000000603800000|  0%| F|  |TAMS 0x0000000603600000, 0x0000000603600000| Untracked 
|  19|0x0000000603800000, 0x0000000603800000, 0x0000000603a00000|  0%| F|  |TAMS 0x0000000603800000, 0x0000000603800000| Untracked 
|  20|0x0000000603a00000, 0x0000000603a00000, 0x0000000603c00000|  0%| F|  |TAMS 0x0000000603a00000, 0x0000000603a00000| Untracked 
|  21|0x0000000603c00000, 0x0000000603c00000, 0x0000000603e00000|  0%| F|  |TAMS 0x0000000603c00000, 0x0000000603c00000| Untracked 
|  22|0x0000000603e00000, 0x0000000603e00000, 0x0000000604000000|  0%| F|  |TAMS 0x0000000603e00000, 0x0000000603e00000| Untracked 
|  23|0x0000000604000000, 0x0000000604000000, 0x0000000604200000|  0%| F|  |TAMS 0x0000000604000000, 0x0000000604000000| Untracked 
|  24|0x0000000604200000, 0x0000000604200000, 0x0000000604400000|  0%| F|  |TAMS 0x0000000604200000, 0x0000000604200000| Untracked 
|  25|0x0000000604400000, 0x0000000604400000, 0x0000000604600000|  0%| F|  |TAMS 0x0000000604400000, 0x0000000604400000| Untracked 
|  26|0x0000000604600000, 0x0000000604600000, 0x0000000604800000|  0%| F|  |TAMS 0x0000000604600000, 0x0000000604600000| Untracked 
|  27|0x0000000604800000, 0x0000000604800000, 0x0000000604a00000|  0%| F|  |TAMS 0x0000000604800000, 0x0000000604800000| Untracked 
|  28|0x0000000604a00000, 0x0000000604a00000, 0x0000000604c00000|  0%| F|  |TAMS 0x0000000604a00000, 0x0000000604a00000| Untracked 
|  29|0x0000000604c00000, 0x0000000604c00000, 0x0000000604e00000|  0%| F|  |TAMS 0x0000000604c00000, 0x0000000604c00000| Untracked 
|  30|0x0000000604e00000, 0x0000000604e00000, 0x0000000605000000|  0%| F|  |TAMS 0x0000000604e00000, 0x0000000604e00000| Untracked 
|  31|0x0000000605000000, 0x0000000605000000, 0x0000000605200000|  0%| F|  |TAMS 0x0000000605000000, 0x0000000605000000| Untracked 
|  32|0x0000000605200000, 0x0000000605200000, 0x0000000605400000|  0%| F|  |TAMS 0x0000000605200000, 0x0000000605200000| Untracked 
|  33|0x0000000605400000, 0x0000000605400000, 0x0000000605600000|  0%| F|  |TAMS 0x0000000605400000, 0x0000000605400000| Untracked 
|  34|0x0000000605600000, 0x0000000605600000, 0x0000000605800000|  0%| F|  |TAMS 0x0000000605600000, 0x0000000605600000| Untracked 
|  35|0x0000000605800000, 0x0000000605800000, 0x0000000605a00000|  0%| F|  |TAMS 0x0000000605800000, 0x0000000605800000| Untracked 
|  36|0x0000000605a00000, 0x0000000605a00000, 0x0000000605c00000|  0%| F|  |TAMS 0x0000000605a00000, 0x0000000605a00000| Untracked 
|  37|0x0000000605c00000, 0x0000000605c00000, 0x0000000605e00000|  0%| F|  |TAMS 0x0000000605c00000, 0x0000000605c00000| Untracked 
|  38|0x0000000605e00000, 0x0000000605e00000, 0x0000000606000000|  0%| F|  |TAMS 0x0000000605e00000, 0x0000000605e00000| Untracked 
|  39|0x0000000606000000, 0x0000000606000000, 0x0000000606200000|  0%| F|  |TAMS 0x0000000606000000, 0x0000000606000000| Untracked 
|  40|0x0000000606200000, 0x0000000606200000, 0x0000000606400000|  0%| F|  |TAMS 0x0000000606200000, 0x0000000606200000| Untracked 
|  41|0x0000000606400000, 0x0000000606400000, 0x0000000606600000|  0%| F|  |TAMS 0x0000000606400000, 0x0000000606400000| Untracked 
|  42|0x0000000606600000, 0x0000000606600000, 0x0000000606800000|  0%| F|  |TAMS 0x0000000606600000, 0x0000000606600000| Untracked 
|  43|0x0000000606800000, 0x0000000606800000, 0x0000000606a00000|  0%| F|  |TAMS 0x0000000606800000, 0x0000000606800000| Untracked 
|  44|0x0000000606a00000, 0x0000000606a00000, 0x0000000606c00000|  0%| F|  |TAMS 0x0000000606a00000, 0x0000000606a00000| Untracked 
|  45|0x0000000606c00000, 0x0000000606c00000, 0x0000000606e00000|  0%| F|  |TAMS 0x0000000606c00000, 0x0000000606c00000| Untracked 
|  46|0x0000000606e00000, 0x0000000606e00000, 0x0000000607000000|  0%| F|  |TAMS 0x0000000606e00000, 0x0000000606e00000| Untracked 
|  47|0x0000000607000000, 0x0000000607000000, 0x0000000607200000|  0%| F|  |TAMS 0x0000000607000000, 0x0000000607000000| Untracked 
|  48|0x0000000607200000, 0x0000000607200000, 0x0000000607400000|  0%| F|  |TAMS 0x0000000607200000, 0x0000000607200000| Untracked 
|  49|0x0000000607400000, 0x0000000607400000, 0x0000000607600000|  0%| F|  |TAMS 0x0000000607400000, 0x0000000607400000| Untracked 
|  50|0x0000000607600000, 0x0000000607600000, 0x0000000607800000|  0%| F|  |TAMS 0x0000000607600000, 0x0000000607600000| Untracked 
|  51|0x0000000607800000, 0x0000000607800000, 0x0000000607a00000|  0%| F|  |TAMS 0x0000000607800000, 0x0000000607800000| Untracked 
|  52|0x0000000607a00000, 0x0000000607a00000, 0x0000000607c00000|  0%| F|  |TAMS 0x0000000607a00000, 0x0000000607a00000| Untracked 
|  53|0x0000000607c00000, 0x0000000607c00000, 0x0000000607e00000|  0%| F|  |TAMS 0x0000000607c00000, 0x0000000607c00000| Untracked 
|  54|0x0000000607e00000, 0x0000000607e00000, 0x0000000608000000|  0%| F|  |TAMS 0x0000000607e00000, 0x0000000607e00000| Untracked 
|  55|0x0000000608000000, 0x0000000608000000, 0x0000000608200000|  0%| F|  |TAMS 0x0000000608000000, 0x0000000608000000| Untracked 
|  56|0x0000000608200000, 0x0000000608200000, 0x0000000608400000|  0%| F|  |TAMS 0x0000000608200000, 0x0000000608200000| Untracked 
|  57|0x0000000608400000, 0x0000000608400000, 0x0000000608600000|  0%| F|  |TAMS 0x0000000608400000, 0x0000000608400000| Untracked 
|  58|0x0000000608600000, 0x0000000608600000, 0x0000000608800000|  0%| F|  |TAMS 0x0000000608600000, 0x0000000608600000| Untracked 
|  59|0x0000000608800000, 0x0000000608800000, 0x0000000608a00000|  0%| F|  |TAMS 0x0000000608800000, 0x0000000608800000| Untracked 
|  60|0x0000000608a00000, 0x0000000608a00000, 0x0000000608c00000|  0%| F|  |TAMS 0x0000000608a00000, 0x0000000608a00000| Untracked 
|  61|0x0000000608c00000, 0x0000000608c00000, 0x0000000608e00000|  0%| F|  |TAMS 0x0000000608c00000, 0x0000000608c00000| Untracked 
|  62|0x0000000608e00000, 0x0000000608e00000, 0x0000000609000000|  0%| F|  |TAMS 0x0000000608e00000, 0x0000000608e00000| Untracked 
|  63|0x0000000609000000, 0x0000000609000000, 0x0000000609200000|  0%| F|  |TAMS 0x0000000609000000, 0x0000000609000000| Untracked 
|  64|0x0000000609200000, 0x0000000609200000, 0x0000000609400000|  0%| F|  |TAMS 0x0000000609200000, 0x0000000609200000| Untracked 
|  65|0x0000000609400000, 0x0000000609400000, 0x0000000609600000|  0%| F|  |TAMS 0x0000000609400000, 0x0000000609400000| Untracked 
|  66|0x0000000609600000, 0x0000000609600000, 0x0000000609800000|  0%| F|  |TAMS 0x0000000609600000, 0x0000000609600000| Untracked 
|  67|0x0000000609800000, 0x0000000609800000, 0x0000000609a00000|  0%| F|  |TAMS 0x0000000609800000, 0x0000000609800000| Untracked 
|  68|0x0000000609a00000, 0x0000000609a00000, 0x0000000609c00000|  0%| F|  |TAMS 0x0000000609a00000, 0x0000000609a00000| Untracked 
|  69|0x0000000609c00000, 0x0000000609c00000, 0x0000000609e00000|  0%| F|  |TAMS 0x0000000609c00000, 0x0000000609c00000| Untracked 
|  70|0x0000000609e00000, 0x0000000609e00000, 0x000000060a000000|  0%| F|  |TAMS 0x0000000609e00000, 0x0000000609e00000| Untracked 
|  71|0x000000060a000000, 0x000000060a000000, 0x000000060a200000|  0%| F|  |TAMS 0x000000060a000000, 0x000000060a000000| Untracked 
|  72|0x000000060a200000, 0x000000060a200000, 0x000000060a400000|  0%| F|  |TAMS 0x000000060a200000, 0x000000060a200000| Untracked 
|  73|0x000000060a400000, 0x000000060a400000, 0x000000060a600000|  0%| F|  |TAMS 0x000000060a400000, 0x000000060a400000| Untracked 
|  74|0x000000060a600000, 0x000000060a600000, 0x000000060a800000|  0%| F|  |TAMS 0x000000060a600000, 0x000000060a600000| Untracked 
|  75|0x000000060a800000, 0x000000060a800000, 0x000000060aa00000|  0%| F|  |TAMS 0x000000060a800000, 0x000000060a800000| Untracked 
|  76|0x000000060aa00000, 0x000000060aa00000, 0x000000060ac00000|  0%| F|  |TAMS 0x000000060aa00000, 0x000000060aa00000| Untracked 
|  77|0x000000060ac00000, 0x000000060ac00000, 0x000000060ae00000|  0%| F|  |TAMS 0x000000060ac00000, 0x000000060ac00000| Untracked 
|  78|0x000000060ae00000, 0x000000060ae00000, 0x000000060b000000|  0%| F|  |TAMS 0x000000060ae00000, 0x000000060ae00000| Untracked 
|  79|0x000000060b000000, 0x000000060b000000, 0x000000060b200000|  0%| F|  |TAMS 0x000000060b000000, 0x000000060b000000| Untracked 
|  80|0x000000060b200000, 0x000000060b200000, 0x000000060b400000|  0%| F|  |TAMS 0x000000060b200000, 0x000000060b200000| Untracked 
|  81|0x000000060b400000, 0x000000060b400000, 0x000000060b600000|  0%| F|  |TAMS 0x000000060b400000, 0x000000060b400000| Untracked 
|  82|0x000000060b600000, 0x000000060b600000, 0x000000060b800000|  0%| F|  |TAMS 0x000000060b600000, 0x000000060b600000| Untracked 
|  83|0x000000060b800000, 0x000000060b800000, 0x000000060ba00000|  0%| F|  |TAMS 0x000000060b800000, 0x000000060b800000| Untracked 
|  84|0x000000060ba00000, 0x000000060ba00000, 0x000000060bc00000|  0%| F|  |TAMS 0x000000060ba00000, 0x000000060ba00000| Untracked 
|  85|0x000000060bc00000, 0x000000060bc00000, 0x000000060be00000|  0%| F|  |TAMS 0x000000060bc00000, 0x000000060bc00000| Untracked 
|  86|0x000000060be00000, 0x000000060be00000, 0x000000060c000000|  0%| F|  |TAMS 0x000000060be00000, 0x000000060be00000| Untracked 
|  87|0x000000060c000000, 0x000000060c000000, 0x000000060c200000|  0%| F|  |TAMS 0x000000060c000000, 0x000000060c000000| Untracked 
|  88|0x000000060c200000, 0x000000060c200000, 0x000000060c400000|  0%| F|  |TAMS 0x000000060c200000, 0x000000060c200000| Untracked 
|  89|0x000000060c400000, 0x000000060c400000, 0x000000060c600000|  0%| F|  |TAMS 0x000000060c400000, 0x000000060c400000| Untracked 
|  90|0x000000060c600000, 0x000000060c600000, 0x000000060c800000|  0%| F|  |TAMS 0x000000060c600000, 0x000000060c600000| Untracked 
|  91|0x000000060c800000, 0x000000060c800000, 0x000000060ca00000|  0%| F|  |TAMS 0x000000060c800000, 0x000000060c800000| Untracked 
|  92|0x000000060ca00000, 0x000000060ca00000, 0x000000060cc00000|  0%| F|  |TAMS 0x000000060ca00000, 0x000000060ca00000| Untracked 
|  93|0x000000060cc00000, 0x000000060cc00000, 0x000000060ce00000|  0%| F|  |TAMS 0x000000060cc00000, 0x000000060cc00000| Untracked 
|  94|0x000000060ce00000, 0x000000060ce00000, 0x000000060d000000|  0%| F|  |TAMS 0x000000060ce00000, 0x000000060ce00000| Untracked 
|  95|0x000000060d000000, 0x000000060d000000, 0x000000060d200000|  0%| F|  |TAMS 0x000000060d000000, 0x000000060d000000| Untracked 
|  96|0x000000060d200000, 0x000000060d200000, 0x000000060d400000|  0%| F|  |TAMS 0x000000060d200000, 0x000000060d200000| Untracked 
|  97|0x000000060d400000, 0x000000060d400000, 0x000000060d600000|  0%| F|  |TAMS 0x000000060d400000, 0x000000060d400000| Untracked 
|  98|0x000000060d600000, 0x000000060d600000, 0x000000060d800000|  0%| F|  |TAMS 0x000000060d600000, 0x000000060d600000| Untracked 
|  99|0x000000060d800000, 0x000000060d800000, 0x000000060da00000|  0%| F|  |TAMS 0x000000060d800000, 0x000000060d800000| Untracked 
| 100|0x000000060da00000, 0x000000060da00000, 0x000000060dc00000|  0%| F|  |TAMS 0x000000060da00000, 0x000000060da00000| Untracked 
| 101|0x000000060dc00000, 0x000000060dc00000, 0x000000060de00000|  0%| F|  |TAMS 0x000000060dc00000, 0x000000060dc00000| Untracked 
| 102|0x000000060de00000, 0x000000060de00000, 0x000000060e000000|  0%| F|  |TAMS 0x000000060de00000, 0x000000060de00000| Untracked 
| 103|0x000000060e000000, 0x000000060e000000, 0x000000060e200000|  0%| F|  |TAMS 0x000000060e000000, 0x000000060e000000| Untracked 
| 104|0x000000060e200000, 0x000000060e200000, 0x000000060e400000|  0%| F|  |TAMS 0x000000060e200000, 0x000000060e200000| Untracked 
| 105|0x000000060e400000, 0x000000060e400000, 0x000000060e600000|  0%| F|  |TAMS 0x000000060e400000, 0x000000060e400000| Untracked 
| 106|0x000000060e600000, 0x000000060e600000, 0x000000060e800000|  0%| F|  |TAMS 0x000000060e600000, 0x000000060e600000| Untracked 
| 107|0x000000060e800000, 0x000000060e800000, 0x000000060ea00000|  0%| F|  |TAMS 0x000000060e800000, 0x000000060e800000| Untracked 
| 108|0x000000060ea00000, 0x000000060ea00000, 0x000000060ec00000|  0%| F|  |TAMS 0x000000060ea00000, 0x000000060ea00000| Untracked 
| 109|0x000000060ec00000, 0x000000060ec00000, 0x000000060ee00000|  0%| F|  |TAMS 0x000000060ec00000, 0x000000060ec00000| Untracked 
| 110|0x000000060ee00000, 0x000000060ee00000, 0x000000060f000000|  0%| F|  |TAMS 0x000000060ee00000, 0x000000060ee00000| Untracked 
| 111|0x000000060f000000, 0x000000060f000000, 0x000000060f200000|  0%| F|  |TAMS 0x000000060f000000, 0x000000060f000000| Untracked 
| 112|0x000000060f200000, 0x000000060f200000, 0x000000060f400000|  0%| F|  |TAMS 0x000000060f200000, 0x000000060f200000| Untracked 
| 113|0x000000060f400000, 0x000000060f400000, 0x000000060f600000|  0%| F|  |TAMS 0x000000060f400000, 0x000000060f400000| Untracked 
| 114|0x000000060f600000, 0x000000060f600000, 0x000000060f800000|  0%| F|  |TAMS 0x000000060f600000, 0x000000060f600000| Untracked 
| 115|0x000000060f800000, 0x000000060f800000, 0x000000060fa00000|  0%| F|  |TAMS 0x000000060f800000, 0x000000060f800000| Untracked 
| 116|0x000000060fa00000, 0x000000060fa00000, 0x000000060fc00000|  0%| F|  |TAMS 0x000000060fa00000, 0x000000060fa00000| Untracked 
| 117|0x000000060fc00000, 0x000000060fe00000, 0x000000060fe00000|100%| E|  |TAMS 0x000000060fc00000, 0x000000060fc00000| Complete 
| 118|0x000000060fe00000, 0x0000000610000000, 0x0000000610000000|100%| E|CS|TAMS 0x000000060fe00000, 0x000000060fe00000| Complete 
| 119|0x0000000610000000, 0x00000006100788a0, 0x0000000610200000| 23%| S|CS|TAMS 0x0000000610000000, 0x0000000610000000| Complete 
| 120|0x0000000610200000, 0x0000000610400000, 0x0000000610400000|100%| S|CS|TAMS 0x0000000610200000, 0x0000000610200000| Complete 
| 121|0x0000000610400000, 0x0000000610600000, 0x0000000610600000|100%| S|CS|TAMS 0x0000000610400000, 0x0000000610400000| Complete 
| 122|0x0000000610600000, 0x0000000610800000, 0x0000000610800000|100%| E|CS|TAMS 0x0000000610600000, 0x0000000610600000| Complete 
| 123|0x0000000610800000, 0x0000000610a00000, 0x0000000610a00000|100%| E|CS|TAMS 0x0000000610800000, 0x0000000610800000| Complete 
| 124|0x0000000610a00000, 0x0000000610c00000, 0x0000000610c00000|100%| E|CS|TAMS 0x0000000610a00000, 0x0000000610a00000| Complete 
| 125|0x0000000610c00000, 0x0000000610e00000, 0x0000000610e00000|100%| E|CS|TAMS 0x0000000610c00000, 0x0000000610c00000| Complete 
| 126|0x0000000610e00000, 0x0000000611000000, 0x0000000611000000|100%| E|CS|TAMS 0x0000000610e00000, 0x0000000610e00000| Complete 
| 127|0x0000000611000000, 0x0000000611200000, 0x0000000611200000|100%| E|CS|TAMS 0x0000000611000000, 0x0000000611000000| Complete 
| 128|0x0000000611200000, 0x0000000611400000, 0x0000000611400000|100%| E|CS|TAMS 0x0000000611200000, 0x0000000611200000| Complete 
| 129|0x0000000611400000, 0x0000000611600000, 0x0000000611600000|100%| E|CS|TAMS 0x0000000611400000, 0x0000000611400000| Complete 
| 130|0x0000000611600000, 0x0000000611800000, 0x0000000611800000|100%| E|CS|TAMS 0x0000000611600000, 0x0000000611600000| Complete 
| 131|0x0000000611800000, 0x0000000611a00000, 0x0000000611a00000|100%| E|CS|TAMS 0x0000000611800000, 0x0000000611800000| Complete 
| 132|0x0000000611a00000, 0x0000000611c00000, 0x0000000611c00000|100%| E|CS|TAMS 0x0000000611a00000, 0x0000000611a00000| Complete 
| 133|0x0000000611c00000, 0x0000000611e00000, 0x0000000611e00000|100%| E|CS|TAMS 0x0000000611c00000, 0x0000000611c00000| Complete 
| 134|0x0000000611e00000, 0x0000000612000000, 0x0000000612000000|100%| E|CS|TAMS 0x0000000611e00000, 0x0000000611e00000| Complete 
| 135|0x0000000612000000, 0x0000000612200000, 0x0000000612200000|100%| E|CS|TAMS 0x0000000612000000, 0x0000000612000000| Complete 
| 136|0x0000000612200000, 0x0000000612400000, 0x0000000612400000|100%| E|CS|TAMS 0x0000000612200000, 0x0000000612200000| Complete 
| 137|0x0000000612400000, 0x0000000612600000, 0x0000000612600000|100%| E|CS|TAMS 0x0000000612400000, 0x0000000612400000| Complete 
| 138|0x0000000612600000, 0x0000000612800000, 0x0000000612800000|100%| E|CS|TAMS 0x0000000612600000, 0x0000000612600000| Complete 
| 139|0x0000000612800000, 0x0000000612a00000, 0x0000000612a00000|100%| E|CS|TAMS 0x0000000612800000, 0x0000000612800000| Complete 
| 140|0x0000000612a00000, 0x0000000612c00000, 0x0000000612c00000|100%| E|CS|TAMS 0x0000000612a00000, 0x0000000612a00000| Complete 
| 141|0x0000000612c00000, 0x0000000612e00000, 0x0000000612e00000|100%| E|CS|TAMS 0x0000000612c00000, 0x0000000612c00000| Complete 
| 142|0x0000000612e00000, 0x0000000613000000, 0x0000000613000000|100%| E|CS|TAMS 0x0000000612e00000, 0x0000000612e00000| Complete 
| 143|0x0000000613000000, 0x0000000613200000, 0x0000000613200000|100%| E|CS|TAMS 0x0000000613000000, 0x0000000613000000| Complete 
| 144|0x0000000613200000, 0x0000000613400000, 0x0000000613400000|100%| E|CS|TAMS 0x0000000613200000, 0x0000000613200000| Complete 
| 145|0x0000000613400000, 0x0000000613600000, 0x0000000613600000|100%| E|CS|TAMS 0x0000000613400000, 0x0000000613400000| Complete 
| 146|0x0000000613600000, 0x0000000613800000, 0x0000000613800000|100%| E|CS|TAMS 0x0000000613600000, 0x0000000613600000| Complete 
| 147|0x0000000613800000, 0x0000000613a00000, 0x0000000613a00000|100%| E|CS|TAMS 0x0000000613800000, 0x0000000613800000| Complete 
| 148|0x0000000613a00000, 0x0000000613c00000, 0x0000000613c00000|100%| E|CS|TAMS 0x0000000613a00000, 0x0000000613a00000| Complete 
| 149|0x0000000613c00000, 0x0000000613e00000, 0x0000000613e00000|100%| E|CS|TAMS 0x0000000613c00000, 0x0000000613c00000| Complete 
| 150|0x0000000613e00000, 0x0000000614000000, 0x0000000614000000|100%| E|CS|TAMS 0x0000000613e00000, 0x0000000613e00000| Complete 
| 151|0x0000000614000000, 0x0000000614200000, 0x0000000614200000|100%| E|CS|TAMS 0x0000000614000000, 0x0000000614000000| Complete 
| 152|0x0000000614200000, 0x0000000614400000, 0x0000000614400000|100%| E|CS|TAMS 0x0000000614200000, 0x0000000614200000| Complete 
| 153|0x0000000614400000, 0x0000000614600000, 0x0000000614600000|100%| E|CS|TAMS 0x0000000614400000, 0x0000000614400000| Complete 
| 154|0x0000000614600000, 0x0000000614800000, 0x0000000614800000|100%| E|CS|TAMS 0x0000000614600000, 0x0000000614600000| Complete 
| 155|0x0000000614800000, 0x0000000614a00000, 0x0000000614a00000|100%| E|CS|TAMS 0x0000000614800000, 0x0000000614800000| Complete 
| 156|0x0000000614a00000, 0x0000000614c00000, 0x0000000614c00000|100%| E|CS|TAMS 0x0000000614a00000, 0x0000000614a00000| Complete 
| 157|0x0000000614c00000, 0x0000000614e00000, 0x0000000614e00000|100%| E|CS|TAMS 0x0000000614c00000, 0x0000000614c00000| Complete 
| 158|0x0000000614e00000, 0x0000000615000000, 0x0000000615000000|100%| E|CS|TAMS 0x0000000614e00000, 0x0000000614e00000| Complete 
| 159|0x0000000615000000, 0x0000000615200000, 0x0000000615200000|100%| E|CS|TAMS 0x0000000615000000, 0x0000000615000000| Complete 
| 160|0x0000000615200000, 0x0000000615400000, 0x0000000615400000|100%| E|CS|TAMS 0x0000000615200000, 0x0000000615200000| Complete 
| 161|0x0000000615400000, 0x0000000615600000, 0x0000000615600000|100%| E|CS|TAMS 0x0000000615400000, 0x0000000615400000| Complete 
| 162|0x0000000615600000, 0x0000000615800000, 0x0000000615800000|100%| E|CS|TAMS 0x0000000615600000, 0x0000000615600000| Complete 
| 163|0x0000000615800000, 0x0000000615a00000, 0x0000000615a00000|100%| E|CS|TAMS 0x0000000615800000, 0x0000000615800000| Complete 
| 164|0x0000000615a00000, 0x0000000615c00000, 0x0000000615c00000|100%| E|CS|TAMS 0x0000000615a00000, 0x0000000615a00000| Complete 
| 165|0x0000000615c00000, 0x0000000615e00000, 0x0000000615e00000|100%| E|CS|TAMS 0x0000000615c00000, 0x0000000615c00000| Complete 
| 166|0x0000000615e00000, 0x0000000616000000, 0x0000000616000000|100%| E|CS|TAMS 0x0000000615e00000, 0x0000000615e00000| Complete 
| 167|0x0000000616000000, 0x0000000616200000, 0x0000000616200000|100%| E|CS|TAMS 0x0000000616000000, 0x0000000616000000| Complete 
| 168|0x0000000616200000, 0x0000000616400000, 0x0000000616400000|100%| E|CS|TAMS 0x0000000616200000, 0x0000000616200000| Complete 
| 169|0x0000000616400000, 0x0000000616600000, 0x0000000616600000|100%| E|CS|TAMS 0x0000000616400000, 0x0000000616400000| Complete 
| 170|0x0000000616600000, 0x0000000616800000, 0x0000000616800000|100%| E|CS|TAMS 0x0000000616600000, 0x0000000616600000| Complete 
| 171|0x0000000616800000, 0x0000000616a00000, 0x0000000616a00000|100%| E|CS|TAMS 0x0000000616800000, 0x0000000616800000| Complete 
| 172|0x0000000616a00000, 0x0000000616c00000, 0x0000000616c00000|100%| E|CS|TAMS 0x0000000616a00000, 0x0000000616a00000| Complete 
| 173|0x0000000616c00000, 0x0000000616e00000, 0x0000000616e00000|100%| E|CS|TAMS 0x0000000616c00000, 0x0000000616c00000| Complete 
| 174|0x0000000616e00000, 0x0000000617000000, 0x0000000617000000|100%| E|CS|TAMS 0x0000000616e00000, 0x0000000616e00000| Complete 
| 175|0x0000000617000000, 0x0000000617200000, 0x0000000617200000|100%| E|CS|TAMS 0x0000000617000000, 0x0000000617000000| Complete 
| 176|0x0000000617200000, 0x0000000617400000, 0x0000000617400000|100%| E|CS|TAMS 0x0000000617200000, 0x0000000617200000| Complete 
| 177|0x0000000617400000, 0x0000000617600000, 0x0000000617600000|100%| E|CS|TAMS 0x0000000617400000, 0x0000000617400000| Complete 
| 178|0x0000000617600000, 0x0000000617800000, 0x0000000617800000|100%| E|CS|TAMS 0x0000000617600000, 0x0000000617600000| Complete 
| 179|0x0000000617800000, 0x0000000617a00000, 0x0000000617a00000|100%| E|CS|TAMS 0x0000000617800000, 0x0000000617800000| Complete 
| 180|0x0000000617a00000, 0x0000000617c00000, 0x0000000617c00000|100%| E|CS|TAMS 0x0000000617a00000, 0x0000000617a00000| Complete 
| 181|0x0000000617c00000, 0x0000000617e00000, 0x0000000617e00000|100%| E|CS|TAMS 0x0000000617c00000, 0x0000000617c00000| Complete 
| 182|0x0000000617e00000, 0x0000000618000000, 0x0000000618000000|100%| E|CS|TAMS 0x0000000617e00000, 0x0000000617e00000| Complete 
| 183|0x0000000618000000, 0x0000000618200000, 0x0000000618200000|100%| E|CS|TAMS 0x0000000618000000, 0x0000000618000000| Complete 
| 184|0x0000000618200000, 0x0000000618400000, 0x0000000618400000|100%| E|CS|TAMS 0x0000000618200000, 0x0000000618200000| Complete 
| 185|0x0000000618400000, 0x0000000618600000, 0x0000000618600000|100%| E|CS|TAMS 0x0000000618400000, 0x0000000618400000| Complete 
| 186|0x0000000618600000, 0x0000000618800000, 0x0000000618800000|100%| E|CS|TAMS 0x0000000618600000, 0x0000000618600000| Complete 
| 187|0x0000000618800000, 0x0000000618a00000, 0x0000000618a00000|100%| E|CS|TAMS 0x0000000618800000, 0x0000000618800000| Complete 
| 188|0x0000000618a00000, 0x0000000618c00000, 0x0000000618c00000|100%| E|CS|TAMS 0x0000000618a00000, 0x0000000618a00000| Complete 
| 189|0x0000000618c00000, 0x0000000618e00000, 0x0000000618e00000|100%| E|CS|TAMS 0x0000000618c00000, 0x0000000618c00000| Complete 
| 190|0x0000000618e00000, 0x0000000619000000, 0x0000000619000000|100%| E|CS|TAMS 0x0000000618e00000, 0x0000000618e00000| Complete 
| 191|0x0000000619000000, 0x0000000619200000, 0x0000000619200000|100%| E|CS|TAMS 0x0000000619000000, 0x0000000619000000| Complete 
| 192|0x0000000619200000, 0x0000000619400000, 0x0000000619400000|100%| E|CS|TAMS 0x0000000619200000, 0x0000000619200000| Complete 
| 193|0x0000000619400000, 0x0000000619600000, 0x0000000619600000|100%| E|CS|TAMS 0x0000000619400000, 0x0000000619400000| Complete 
| 194|0x0000000619600000, 0x0000000619800000, 0x0000000619800000|100%| E|CS|TAMS 0x0000000619600000, 0x0000000619600000| Complete 
| 195|0x0000000619800000, 0x0000000619a00000, 0x0000000619a00000|100%| E|CS|TAMS 0x0000000619800000, 0x0000000619800000| Complete 
| 196|0x0000000619a00000, 0x0000000619c00000, 0x0000000619c00000|100%| E|CS|TAMS 0x0000000619a00000, 0x0000000619a00000| Complete 
| 197|0x0000000619c00000, 0x0000000619e00000, 0x0000000619e00000|100%| E|CS|TAMS 0x0000000619c00000, 0x0000000619c00000| Complete 
| 198|0x0000000619e00000, 0x000000061a000000, 0x000000061a000000|100%| E|CS|TAMS 0x0000000619e00000, 0x0000000619e00000| Complete 
| 199|0x000000061a000000, 0x000000061a200000, 0x000000061a200000|100%| E|CS|TAMS 0x000000061a000000, 0x000000061a000000| Complete 
| 200|0x000000061a200000, 0x000000061a400000, 0x000000061a400000|100%| E|CS|TAMS 0x000000061a200000, 0x000000061a200000| Complete 
| 201|0x000000061a400000, 0x000000061a600000, 0x000000061a600000|100%| E|CS|TAMS 0x000000061a400000, 0x000000061a400000| Complete 
| 202|0x000000061a600000, 0x000000061a800000, 0x000000061a800000|100%| E|CS|TAMS 0x000000061a600000, 0x000000061a600000| Complete 
| 203|0x000000061a800000, 0x000000061aa00000, 0x000000061aa00000|100%| E|CS|TAMS 0x000000061a800000, 0x000000061a800000| Complete 
| 204|0x000000061aa00000, 0x000000061ac00000, 0x000000061ac00000|100%| E|CS|TAMS 0x000000061aa00000, 0x000000061aa00000| Complete 
| 205|0x000000061ac00000, 0x000000061ae00000, 0x000000061ae00000|100%| E|CS|TAMS 0x000000061ac00000, 0x000000061ac00000| Complete 
| 206|0x000000061ae00000, 0x000000061b000000, 0x000000061b000000|100%| E|CS|TAMS 0x000000061ae00000, 0x000000061ae00000| Complete 
| 207|0x000000061b000000, 0x000000061b200000, 0x000000061b200000|100%| E|CS|TAMS 0x000000061b000000, 0x000000061b000000| Complete 
| 208|0x000000061b200000, 0x000000061b400000, 0x000000061b400000|100%| E|CS|TAMS 0x000000061b200000, 0x000000061b200000| Complete 
| 209|0x000000061b400000, 0x000000061b600000, 0x000000061b600000|100%| E|CS|TAMS 0x000000061b400000, 0x000000061b400000| Complete 
| 210|0x000000061b600000, 0x000000061b800000, 0x000000061b800000|100%| E|CS|TAMS 0x000000061b600000, 0x000000061b600000| Complete 
| 211|0x000000061b800000, 0x000000061ba00000, 0x000000061ba00000|100%| E|CS|TAMS 0x000000061b800000, 0x000000061b800000| Complete 
| 212|0x000000061ba00000, 0x000000061bc00000, 0x000000061bc00000|100%| E|CS|TAMS 0x000000061ba00000, 0x000000061ba00000| Complete 
| 213|0x000000061bc00000, 0x000000061be00000, 0x000000061be00000|100%| E|CS|TAMS 0x000000061bc00000, 0x000000061bc00000| Complete 
| 214|0x000000061be00000, 0x000000061c000000, 0x000000061c000000|100%| E|CS|TAMS 0x000000061be00000, 0x000000061be00000| Complete 
| 215|0x000000061c000000, 0x000000061c200000, 0x000000061c200000|100%| E|CS|TAMS 0x000000061c000000, 0x000000061c000000| Complete 
| 216|0x000000061c200000, 0x000000061c400000, 0x000000061c400000|100%| E|CS|TAMS 0x000000061c200000, 0x000000061c200000| Complete 
| 217|0x000000061c400000, 0x000000061c600000, 0x000000061c600000|100%| E|CS|TAMS 0x000000061c400000, 0x000000061c400000| Complete 
| 218|0x000000061c600000, 0x000000061c800000, 0x000000061c800000|100%| E|CS|TAMS 0x000000061c600000, 0x000000061c600000| Complete 
| 219|0x000000061c800000, 0x000000061ca00000, 0x000000061ca00000|100%| E|CS|TAMS 0x000000061c800000, 0x000000061c800000| Complete 
| 220|0x000000061ca00000, 0x000000061cc00000, 0x000000061cc00000|100%| E|CS|TAMS 0x000000061ca00000, 0x000000061ca00000| Complete 
| 221|0x000000061cc00000, 0x000000061ce00000, 0x000000061ce00000|100%| E|CS|TAMS 0x000000061cc00000, 0x000000061cc00000| Complete 
| 222|0x000000061ce00000, 0x000000061d000000, 0x000000061d000000|100%| E|CS|TAMS 0x000000061ce00000, 0x000000061ce00000| Complete 
| 223|0x000000061d000000, 0x000000061d200000, 0x000000061d200000|100%| E|CS|TAMS 0x000000061d000000, 0x000000061d000000| Complete 
| 224|0x000000061d200000, 0x000000061d400000, 0x000000061d400000|100%| E|CS|TAMS 0x000000061d200000, 0x000000061d200000| Complete 
| 225|0x000000061d400000, 0x000000061d600000, 0x000000061d600000|100%| E|CS|TAMS 0x000000061d400000, 0x000000061d400000| Complete 
| 226|0x000000061d600000, 0x000000061d800000, 0x000000061d800000|100%| E|CS|TAMS 0x000000061d600000, 0x000000061d600000| Complete 
| 227|0x000000061d800000, 0x000000061da00000, 0x000000061da00000|100%| E|CS|TAMS 0x000000061d800000, 0x000000061d800000| Complete 
| 228|0x000000061da00000, 0x000000061dc00000, 0x000000061dc00000|100%| E|CS|TAMS 0x000000061da00000, 0x000000061da00000| Complete 
| 229|0x000000061dc00000, 0x000000061de00000, 0x000000061de00000|100%| E|CS|TAMS 0x000000061dc00000, 0x000000061dc00000| Complete 
| 230|0x000000061de00000, 0x000000061e000000, 0x000000061e000000|100%| E|CS|TAMS 0x000000061de00000, 0x000000061de00000| Complete 
| 231|0x000000061e000000, 0x000000061e200000, 0x000000061e200000|100%| E|CS|TAMS 0x000000061e000000, 0x000000061e000000| Complete 
| 232|0x000000061e200000, 0x000000061e400000, 0x000000061e400000|100%| E|CS|TAMS 0x000000061e200000, 0x000000061e200000| Complete 
| 233|0x000000061e400000, 0x000000061e600000, 0x000000061e600000|100%| E|CS|TAMS 0x000000061e400000, 0x000000061e400000| Complete 
| 234|0x000000061e600000, 0x000000061e800000, 0x000000061e800000|100%| E|CS|TAMS 0x000000061e600000, 0x000000061e600000| Complete 
| 235|0x000000061e800000, 0x000000061ea00000, 0x000000061ea00000|100%| E|CS|TAMS 0x000000061e800000, 0x000000061e800000| Complete 
| 236|0x000000061ea00000, 0x000000061ec00000, 0x000000061ec00000|100%| E|CS|TAMS 0x000000061ea00000, 0x000000061ea00000| Complete 
| 237|0x000000061ec00000, 0x000000061ee00000, 0x000000061ee00000|100%| E|CS|TAMS 0x000000061ec00000, 0x000000061ec00000| Complete 
| 238|0x000000061ee00000, 0x000000061f000000, 0x000000061f000000|100%| E|CS|TAMS 0x000000061ee00000, 0x000000061ee00000| Complete 
| 239|0x000000061f000000, 0x000000061f200000, 0x000000061f200000|100%| E|CS|TAMS 0x000000061f000000, 0x000000061f000000| Complete 
| 240|0x000000061f200000, 0x000000061f400000, 0x000000061f400000|100%| E|CS|TAMS 0x000000061f200000, 0x000000061f200000| Complete 
| 241|0x000000061f400000, 0x000000061f600000, 0x000000061f600000|100%| E|CS|TAMS 0x000000061f400000, 0x000000061f400000| Complete 
| 242|0x000000061f600000, 0x000000061f800000, 0x000000061f800000|100%| E|CS|TAMS 0x000000061f600000, 0x000000061f600000| Complete 
| 243|0x000000061f800000, 0x000000061fa00000, 0x000000061fa00000|100%| E|CS|TAMS 0x000000061f800000, 0x000000061f800000| Complete 
| 244|0x000000061fa00000, 0x000000061fc00000, 0x000000061fc00000|100%| E|CS|TAMS 0x000000061fa00000, 0x000000061fa00000| Complete 
| 245|0x000000061fc00000, 0x000000061fe00000, 0x000000061fe00000|100%| E|CS|TAMS 0x000000061fc00000, 0x000000061fc00000| Complete 
| 246|0x000000061fe00000, 0x0000000620000000, 0x0000000620000000|100%| E|CS|TAMS 0x000000061fe00000, 0x000000061fe00000| Complete 
| 247|0x0000000620000000, 0x0000000620200000, 0x0000000620200000|100%| E|CS|TAMS 0x0000000620000000, 0x0000000620000000| Complete 
| 248|0x0000000620200000, 0x0000000620400000, 0x0000000620400000|100%| E|CS|TAMS 0x0000000620200000, 0x0000000620200000| Complete 
| 249|0x0000000620400000, 0x0000000620600000, 0x0000000620600000|100%| E|CS|TAMS 0x0000000620400000, 0x0000000620400000| Complete 
| 250|0x0000000620600000, 0x0000000620800000, 0x0000000620800000|100%| E|CS|TAMS 0x0000000620600000, 0x0000000620600000| Complete 
| 251|0x0000000620800000, 0x0000000620a00000, 0x0000000620a00000|100%| E|CS|TAMS 0x0000000620800000, 0x0000000620800000| Complete 
| 252|0x0000000620a00000, 0x0000000620c00000, 0x0000000620c00000|100%| E|CS|TAMS 0x0000000620a00000, 0x0000000620a00000| Complete 
| 253|0x0000000620c00000, 0x0000000620e00000, 0x0000000620e00000|100%| E|CS|TAMS 0x0000000620c00000, 0x0000000620c00000| Complete 
| 254|0x0000000620e00000, 0x0000000621000000, 0x0000000621000000|100%| E|CS|TAMS 0x0000000620e00000, 0x0000000620e00000| Complete 
| 255|0x0000000621000000, 0x0000000621200000, 0x0000000621200000|100%| E|CS|TAMS 0x0000000621000000, 0x0000000621000000| Complete 

Card table byte_map: [0x00000232b3280000,0x00000232b4280000] _byte_map_base: 0x00000232b0277000

Marking Bits (Prev, Next): (CMBitMap*) 0x000002329a9b0778, (CMBitMap*) 0x000002329a9b07b8
 Prev Bits: [0x00000232b5280000, 0x00000232bd238000)
 Next Bits: [0x00000232bd240000, 0x00000232c51f8000)

Polling page: 0x0000023298860000

Metaspace:

Usage:
  Non-class:     10.96 MB capacity,    10.76 MB ( 98%) used,   169.73 KB (  2%) free+waste,    37.88 KB ( <1%) overhead. 
      Class:      1.57 MB capacity,     1.39 MB ( 89%) used,   161.00 KB ( 10%) free+waste,    21.69 KB (  1%) overhead. 
       Both:     12.53 MB capacity,    12.15 MB ( 97%) used,   330.73 KB (  3%) free+waste,    59.56 KB ( <1%) overhead. 

Virtual space:
  Non-class space:       12.00 MB reserved,      11.00 MB ( 92%) committed 
      Class space:        1.00 GB reserved,       1.63 MB ( <1%) committed 
             Both:        1.01 GB reserved,      12.63 MB (  1%) committed 

Chunk freelists:
   Non-Class:  5.13 KB
       Class:  3.25 KB
        Both:  8.38 KB

CodeHeap 'non-profiled nmethods': size=120000Kb used=900Kb max_used=900Kb free=119099Kb
 bounds [0x00000232aa800000, 0x00000232aaa70000, 0x00000232b1d30000]
CodeHeap 'profiled nmethods': size=120000Kb used=3477Kb max_used=3477Kb free=116522Kb
 bounds [0x00000232a32d0000, 0x00000232a3640000, 0x00000232aa800000]
CodeHeap 'non-nmethods': size=5760Kb used=1262Kb max_used=1285Kb free=4497Kb
 bounds [0x00000232a2d30000, 0x00000232a2fa0000, 0x00000232a32d0000]
 total_blobs=2825 nmethods=1741 adapters=552
 compilation: enabled
              stopped_count=0, restarted_count=0
 full_count=0

Compilation events (10 events):
Event: 77.492 Thread 0x00000232c810f800 1738       3       java.lang.Long::valueOf (40 bytes)
Event: 77.492 Thread 0x00000232c810f800 nmethod 1738 0x00000232a3633a10 code [0x00000232a3633be0, 0x00000232a3633f78]
Event: 77.492 Thread 0x00000232c810f800 1737       1       java.lang.Thread::getId (5 bytes)
Event: 77.492 Thread 0x00000232c810f800 nmethod 1737 0x00000232aa8e0e10 code [0x00000232aa8e0fc0, 0x00000232aa8e10f8]
Event: 77.687 Thread 0x00000232c810f800 1740       3       jdk.internal.util.ArraysSupport::mismatch (72 bytes)
Event: 77.687 Thread 0x00000232c810f800 nmethod 1740 0x00000232a3634110 code [0x00000232a3634300, 0x00000232a3634718]
Event: 77.687 Thread 0x00000232c810f800 1739       3       java.util.Arrays::equals (43 bytes)
Event: 77.687 Thread 0x00000232c810f800 nmethod 1739 0x00000232a3634910 code [0x00000232a3634ae0, 0x00000232a3634df0]
Event: 77.830 Thread 0x00000232c810f800 1741       3       org.netbeans.lib.profiler.server.ProfilerRuntimeSampler$Sampling::writeThreadInfoNoChange (86 bytes)
Event: 77.830 Thread 0x00000232c810f800 nmethod 1741 0x00000232a3634f10 code [0x00000232a3635100, 0x00000232a36354b0]

GC Heap History (8 events):
Event: 1.700 GC heap before
{Heap before GC invocations=0 (full 0):
 garbage-first heap   total 524288K, used 26624K [0x0000000601200000, 0x0000000800000000)
  region size 2048K, 12 young (24576K), 0 survivors (0K)
 Metaspace       used 11875K, capacity 12275K, committed 12416K, reserved 1060864K
  class space    used 1403K, capacity 1572K, committed 1664K, reserved 1048576K
}
Event: 1.706 GC heap after
{Heap after GC invocations=1 (full 0):
 garbage-first heap   total 524288K, used 8828K [0x0000000601200000, 0x0000000800000000)
  region size 2048K, 2 young (4096K), 2 survivors (4096K)
 Metaspace       used 11875K, capacity 12275K, committed 12416K, reserved 1060864K
  class space    used 1403K, capacity 1572K, committed 1664K, reserved 1048576K
}
Event: 1.798 GC heap before
{Heap before GC invocations=1 (full 0):
 garbage-first heap   total 524288K, used 62076K [0x0000000601200000, 0x0000000800000000)
  region size 2048K, 28 young (57344K), 2 survivors (4096K)
 Metaspace       used 11881K, capacity 12275K, committed 12416K, reserved 1060864K
  class space    used 1403K, capacity 1572K, committed 1664K, reserved 1048576K
}
Event: 1.802 GC heap after
{Heap after GC invocations=2 (full 0):
 garbage-first heap   total 524288K, used 9132K [0x0000000601200000, 0x0000000800000000)
  region size 2048K, 3 young (6144K), 3 survivors (6144K)
 Metaspace       used 11881K, capacity 12275K, committed 12416K, reserved 1060864K
  class space    used 1403K, capacity 1572K, committed 1664K, reserved 1048576K
}
Event: 1.861 GC heap before
{Heap before GC invocations=2 (full 0):
 garbage-first heap   total 524288K, used 74668K [0x0000000601200000, 0x0000000800000000)
  region size 2048K, 35 young (71680K), 3 survivors (6144K)
 Metaspace       used 11881K, capacity 12275K, committed 12416K, reserved 1060864K
  class space    used 1403K, capacity 1572K, committed 1664K, reserved 1048576K
}
Event: 1.865 GC heap after
{Heap after GC invocations=3 (full 0):
 garbage-first heap   total 524288K, used 9146K [0x0000000601200000, 0x0000000800000000)
  region size 2048K, 3 young (6144K), 3 survivors (6144K)
 Metaspace       used 11881K, capacity 12275K, committed 12416K, reserved 1060864K
  class space    used 1403K, capacity 1572K, committed 1664K, reserved 1048576K
}
Event: 2.166 GC heap before
{Heap before GC invocations=3 (full 0):
 garbage-first heap   total 524288K, used 277434K [0x0000000601200000, 0x0000000800000000)
  region size 2048K, 134 young (274432K), 3 survivors (6144K)
 Metaspace       used 11968K, capacity 12339K, committed 12672K, reserved 1060864K
  class space    used 1406K, capacity 1572K, committed 1664K, reserved 1048576K
}
Event: 2.168 GC heap after
{Heap after GC invocations=4 (full 0):
 garbage-first heap   total 524288K, used 9310K [0x0000000601200000, 0x0000000800000000)
  region size 2048K, 3 young (6144K), 3 survivors (6144K)
 Metaspace       used 11968K, capacity 12339K, committed 12672K, reserved 1060864K
  class space    used 1406K, capacity 1572K, committed 1664K, reserved 1048576K
}

Deoptimization events (10 events):
Event: 2.317 Thread 0x00000232c95f2000 Uncommon trap: reason=unstable_if action=reinterpret pc=0x00000232aa8b28d0 method=dijkstra.RenderPanel.draw(Ljava/awt/Graphics;)V @ 210 c2
Event: 2.318 Thread 0x00000232c95f2000 Uncommon trap: reason=class_check action=maybe_recompile pc=0x00000232aa8abfac method=sun.java2d.pipe.BufferedContext.validate(Lsun/java2d/pipe/hw/AccelSurface;Lsun/java2d/pipe/hw/AccelSurface;Lsun/java2d/pipe/Region;Ljava/awt/Composite;Ljava/awt/geom/Aff
Event: 2.325 Thread 0x00000232c95f2000 Uncommon trap: reason=class_check action=maybe_recompile pc=0x00000232aa873590 method=sun.java2d.d3d.D3DRenderer.validateContext(Lsun/java2d/SunGraphics2D;)V @ 4 c2
Event: 2.325 Thread 0x00000232c95f2000 Uncommon trap: reason=class_check action=maybe_recompile pc=0x00000232aa8ac5a4 method=sun.java2d.pipe.BufferedContext.validate(Lsun/java2d/pipe/hw/AccelSurface;Lsun/java2d/pipe/hw/AccelSurface;Lsun/java2d/pipe/Region;Ljava/awt/Composite;Ljava/awt/geom/Aff
Event: 2.325 Thread 0x00000232c95f2000 Uncommon trap: reason=class_check action=maybe_recompile pc=0x00000232aa8ac5a4 method=sun.java2d.pipe.BufferedContext.validate(Lsun/java2d/pipe/hw/AccelSurface;Lsun/java2d/pipe/hw/AccelSurface;Lsun/java2d/pipe/Region;Ljava/awt/Composite;Ljava/awt/geom/Aff
Event: 2.325 Thread 0x00000232c95f2000 Uncommon trap: reason=class_check action=maybe_recompile pc=0x00000232aa873590 method=sun.java2d.d3d.D3DRenderer.validateContext(Lsun/java2d/SunGraphics2D;)V @ 4 c2
Event: 2.325 Thread 0x00000232c95f2000 Uncommon trap: reason=class_check action=maybe_recompile pc=0x00000232aa8ac5a4 method=sun.java2d.pipe.BufferedContext.validate(Lsun/java2d/pipe/hw/AccelSurface;Lsun/java2d/pipe/hw/AccelSurface;Lsun/java2d/pipe/Region;Ljava/awt/Composite;Ljava/awt/geom/Aff
Event: 2.325 Thread 0x00000232c95f2000 Uncommon trap: reason=class_check action=maybe_recompile pc=0x00000232aa873590 method=sun.java2d.d3d.D3DRenderer.validateContext(Lsun/java2d/SunGraphics2D;)V @ 4 c2
Event: 2.325 Thread 0x00000232c95f2000 Uncommon trap: reason=class_check action=maybe_recompile pc=0x00000232aa873590 method=sun.java2d.d3d.D3DRenderer.validateContext(Lsun/java2d/SunGraphics2D;)V @ 4 c2
Event: 2.325 Thread 0x00000232c95f2000 Uncommon trap: reason=class_check action=maybe_recompile pc=0x00000232aa88932c method=sun.java2d.d3d.D3DRenderer.validateContext(Lsun/java2d/SunGraphics2D;)V @ 4 c2

Classes redefined (0 events):
No events

Internal exceptions (10 events):
Event: 1.320 Thread 0x000002329a92b800 Exception <a 'java/lang/NoSuchMethodError'{0x0000000620bf1c60}: java.lang.invoke.DirectMethodHandle$Holder.invokeStatic(Ljava/lang/Object;Ljava/lang/Object;Ljava/lang/Object;Ljava/lang/Object;Ljava/lang/Object;Ljava/lang/Object;Ljava/lang/Object;J)Ljava/l
Event: 1.417 Thread 0x00000232c95f2000 Exception <a 'java/lang/NoSuchMethodError'{0x0000000620918d68}: java.lang.invoke.DirectMethodHandle$Holder.invokeStatic(Ljava/lang/Object;ILjava/lang/Object;Ljava/lang/Object;Ljava/lang/Object;Ljava/lang/Object;)Ljava/lang/Object;> (0x0000000620918d68) th
Event: 1.417 Thread 0x00000232c95f2000 Exception <a 'java/lang/NoSuchMethodError'{0x000000062091f998}: java.lang.invoke.DirectMethodHandle$Holder.invokeStatic(Ljava/lang/Object;ILjava/lang/Object;Ljava/lang/Object;Ljava/lang/Object;)Ljava/lang/Object;> (0x000000062091f998) thrown at [t:/worksp
Event: 1.417 Thread 0x00000232c95f2000 Exception <a 'java/lang/NoSuchMethodError'{0x00000006209231f8}: java.lang.invoke.DirectMethodHandle$Holder.invokeSpecial(Ljava/lang/Object;Ljava/lang/Object;ILjava/lang/Object;Ljava/lang/Object;Ljava/lang/Object;)Ljava/lang/Object;> (0x00000006209231f8) t
Event: 1.419 Thread 0x00000232c95f2000 Exception <a 'java/lang/NoSuchMethodError'{0x0000000620939548}: java.lang.invoke.DirectMethodHandle$Holder.invokeStatic(Ljava/lang/Object;ILjava/lang/Object;)Ljava/lang/Object;> (0x0000000620939548) thrown at [t:/workspace/open/src/hotspot/share/interpret
Event: 1.430 Thread 0x00000232c95f2000 Exception <a 'java/lang/ClassNotFoundException'{0x00000006209e0168}: com/sun/swing/internal/plaf/metal/resources/spi/metalProvider> (0x00000006209e0168) thrown at [t:/workspace/open/src/hotspot/share/classfile/systemDictionary.cpp, line 235]
Event: 1.431 Thread 0x00000232c95f2000 Exception <a 'java/lang/ClassNotFoundException'{0x00000006209e43b0}: com/sun/swing/internal/plaf/basic/resources/spi/basicProvider> (0x00000006209e43b0) thrown at [t:/workspace/open/src/hotspot/share/classfile/systemDictionary.cpp, line 235]
Event: 1.434 Thread 0x00000232c95f2000 Implicit null exception at 0x00000232aa82e308 to 0x00000232aa82e39a
Event: 1.452 Thread 0x00000232c95f2000 Exception <a 'java/lang/NoSuchMethodError'{0x0000000620623f18}: java.lang.invoke.DirectMethodHandle$Holder.invokeStaticInit(Ljava/lang/Object;)V> (0x0000000620623f18) thrown at [t:/workspace/open/src/hotspot/share/interpreter/linkResolver.cpp, line 777]
Event: 1.470 Thread 0x00000232c95f2000 Exception <a 'java/lang/NoSuchMethodError'{0x0000000620695358}: java.lang.invoke.Invokers$Holder.linkToTargetMethod(Ljava/lang/Object;ILjava/lang/Object;)Ljava/lang/Object;> (0x0000000620695358) thrown at [t:/workspace/open/src/hotspot/share/interpreter/l

Events (10 events):
Event: 78.370 Executing VM operation: GetAllStackTraces
Event: 78.371 Executing VM operation: GetAllStackTraces done
Event: 78.376 loading class org/netbeans/lib/profiler/wireprotocol/EventBufferDumpedCommand
Event: 78.376 loading class org/netbeans/lib/profiler/wireprotocol/EventBufferDumpedCommand done
Event: 78.380 Executing VM operation: GetAllStackTraces
Event: 78.381 Executing VM operation: GetAllStackTraces done
Event: 78.382 loading class org/netbeans/lib/profiler/wireprotocol/DumpResultsResponse
Event: 78.382 loading class org/netbeans/lib/profiler/wireprotocol/DumpResultsResponse done
Event: 78.384 loading class org/netbeans/lib/profiler/wireprotocol/GetMethodNamesForJMethodIdsCommand
Event: 78.384 loading class org/netbeans/lib/profiler/wireprotocol/GetMethodNamesForJMethodIdsCommand done


Dynamic libraries:
0x00007ff658910000 - 0x00007ff65891f000 	C:\Program Files\Java\jdk-12.0.2\bin\java.exe
0x00007fffe08c0000 - 0x00007fffe0ab0000 	C:\Windows\SYSTEM32\ntdll.dll
0x00007fffb4420000 - 0x00007fffb4434000 	C:\Program Files\AVAST Software\Avast\aswhook.dll
0x00007fffe0570000 - 0x00007fffe0622000 	C:\Windows\System32\KERNEL32.DLL
0x00007fffde4e0000 - 0x00007fffde783000 	C:\Windows\System32\KERNELBASE.dll
0x00007fffdd970000 - 0x00007fffdda6a000 	C:\Windows\System32\ucrtbase.dll
0x00007fffdb9a0000 - 0x00007fffdb9b8000 	C:\Program Files\Java\jdk-12.0.2\bin\jli.dll
0x00007fffdf1a0000 - 0x00007fffdf243000 	C:\Windows\System32\ADVAPI32.dll
0x00007fffdfc50000 - 0x00007fffdfcee000 	C:\Windows\System32\msvcrt.dll
0x00007fffe0060000 - 0x00007fffe00f7000 	C:\Windows\System32\sechost.dll
0x00007fffdfb30000 - 0x00007fffdfc50000 	C:\Windows\System32\RPCRT4.dll
0x00007fffdfec0000 - 0x00007fffe0054000 	C:\Windows\System32\USER32.dll
0x00007fffde790000 - 0x00007fffde7b1000 	C:\Windows\System32\win32u.dll
0x00007fffdfad0000 - 0x00007fffdfaf6000 	C:\Windows\System32\GDI32.dll
0x00007fffddb70000 - 0x00007fffddd04000 	C:\Windows\System32\gdi32full.dll
0x00007fffdd8d0000 - 0x00007fffdd96e000 	C:\Windows\System32\msvcp_win.dll
0x00007fffd94b0000 - 0x00007fffd94c6000 	C:\Program Files\Java\jdk-12.0.2\bin\VCRUNTIME140.dll
0x00007fffdcf30000 - 0x00007fffdd1b5000 	C:\Windows\WinSxS\amd64_microsoft.windows.common-controls_6595b64144ccf1df_6.0.18362.476_none_e6c4b11b130f2595\COMCTL32.dll
0x00007fffdeaa0000 - 0x00007fffdedd6000 	C:\Windows\System32\combase.dll
0x00007fffdd850000 - 0x00007fffdd8d0000 	C:\Windows\System32\bcryptPrimitives.dll
0x00007fffd6190000 - 0x00007fffd619a000 	C:\Windows\SYSTEM32\VERSION.dll
0x00007fffdfb00000 - 0x00007fffdfb2e000 	C:\Windows\System32\IMM32.DLL
0x00007fffb95c0000 - 0x00007fffb966a000 	C:\Program Files\Java\jdk-12.0.2\bin\msvcp140.dll
0x00007fffa7e70000 - 0x00007fffa89e7000 	C:\Program Files\Java\jdk-12.0.2\bin\server\jvm.dll
0x00007fffdf940000 - 0x00007fffdf948000 	C:\Windows\System32\PSAPI.DLL
0x00007fffcdbf0000 - 0x00007fffcdbf9000 	C:\Windows\SYSTEM32\WSOCK32.dll
0x00007fffe0630000 - 0x00007fffe069f000 	C:\Windows\System32\WS2_32.dll
0x00007fffdaa00000 - 0x00007fffdaa24000 	C:\Windows\SYSTEM32\WINMM.dll
0x00007fffda9d0000 - 0x00007fffda9fd000 	C:\Windows\SYSTEM32\WINMMBASE.dll
0x00007fffddd10000 - 0x00007fffddd5a000 	C:\Windows\System32\cfgmgr32.dll
0x00007fffdd7a0000 - 0x00007fffdd7b1000 	C:\Windows\System32\kernel.appcore.dll
0x00007fffcef10000 - 0x00007fffcef21000 	C:\Program Files\Java\jdk-12.0.2\bin\verify.dll
0x00007fffdd2b0000 - 0x00007fffdd4a4000 	C:\Windows\SYSTEM32\DBGHELP.DLL
0x00007fffdd1c0000 - 0x00007fffdd1ea000 	C:\Windows\SYSTEM32\dbgcore.DLL
0x00007fffd9480000 - 0x00007fffd94a6000 	C:\Program Files\Java\jdk-12.0.2\bin\java.dll
0x00007fffdd2a0000 - 0x00007fffdd2af000 	E:\Program Files (x86)\netbeans\profiler\lib\deployed\jdk16\windows-amd64\profilerinterface.dll
0x00007fffceef0000 - 0x00007fffcef07000 	C:\Program Files\Java\jdk-12.0.2\bin\zip.dll
0x00007fffdb650000 - 0x00007fffdb65a000 	C:\Program Files\Java\jdk-12.0.2\bin\jimage.dll
0x00007fffdf250000 - 0x00007fffdf935000 	C:\Windows\System32\SHELL32.dll
0x00007fffdf950000 - 0x00007fffdf9f9000 	C:\Windows\System32\shcore.dll
0x00007fffddd60000 - 0x00007fffde4de000 	C:\Windows\System32\windows.storage.dll
0x00007fffdd7c0000 - 0x00007fffdd7df000 	C:\Windows\System32\profapi.dll
0x00007fffdd7e0000 - 0x00007fffdd82a000 	C:\Windows\System32\powrprof.dll
0x00007fffdd790000 - 0x00007fffdd7a0000 	C:\Windows\System32\UMPDC.dll
0x00007fffdfa70000 - 0x00007fffdfac2000 	C:\Windows\System32\shlwapi.dll
0x00007fffddb20000 - 0x00007fffddb37000 	C:\Windows\System32\cryptsp.dll
0x00007fffced30000 - 0x00007fffced49000 	C:\Program Files\Java\jdk-12.0.2\bin\net.dll
0x00007fffd1530000 - 0x00007fffd1620000 	C:\Windows\SYSTEM32\WINHTTP.dll
0x00007fffd1210000 - 0x00007fffd13e6000 	C:\Windows\SYSTEM32\urlmon.dll
0x00007fffd1620000 - 0x00007fffd18c6000 	C:\Windows\SYSTEM32\iertutil.dll
0x00007fffdcaf0000 - 0x00007fffdcafc000 	C:\Windows\SYSTEM32\CRYPTBASE.DLL
0x00007fffdc920000 - 0x00007fffdc987000 	C:\Windows\system32\mswsock.dll
0x00007fffced10000 - 0x00007fffced23000 	C:\Program Files\Java\jdk-12.0.2\bin\nio.dll
0x00007fffdb600000 - 0x00007fffdb609000 	C:\Program Files\Java\jdk-12.0.2\bin\management.dll
0x00007fffdab60000 - 0x00007fffdab6c000 	C:\Program Files\Java\jdk-12.0.2\bin\management_ext.dll
0x00007fffdc490000 - 0x00007fffdc4c3000 	C:\Windows\system32\rsaenh.dll
0x00007fffddb40000 - 0x00007fffddb66000 	C:\Windows\System32\bcrypt.dll
0x00007fffdd6b0000 - 0x00007fffdd6d5000 	C:\Windows\SYSTEM32\USERENV.dll
0x00007fffdc630000 - 0x00007fffdc66a000 	C:\Windows\SYSTEM32\IPHLPAPI.DLL
0x00007fffdfeb0000 - 0x00007fffdfeb8000 	C:\Windows\System32\NSI.dll
0x00007fffd6850000 - 0x00007fffd6866000 	C:\Windows\SYSTEM32\dhcpcsvc6.DLL
0x00007fffd6830000 - 0x00007fffd684c000 	C:\Windows\SYSTEM32\dhcpcsvc.DLL
0x00007fffdc670000 - 0x00007fffdc73a000 	C:\Windows\SYSTEM32\DNSAPI.dll
0x00007fffb0d10000 - 0x00007fffb0eaf000 	C:\Program Files\Java\jdk-12.0.2\bin\awt.dll
0x00007fffde9d0000 - 0x00007fffdea94000 	C:\Windows\System32\OLEAUT32.dll
0x00007fffd9720000 - 0x00007fffd9ce0000 	C:\Windows\SYSTEM32\d2d1.dll
0x00007fffdac30000 - 0x00007fffdacbf000 	C:\Windows\SYSTEM32\apphelp.dll
0x00007fffdadf0000 - 0x00007fffdae89000 	C:\Windows\system32\uxtheme.dll
0x00007fffe0740000 - 0x00007fffe0876000 	C:\Windows\System32\MSCTF.dll
0x00007fffdede0000 - 0x00007fffdef36000 	C:\Windows\System32\ole32.dll
0x00007fffdb230000 - 0x00007fffdb25d000 	C:\Windows\system32\DWMAPI.DLL
0x00007fff8f370000 - 0x00007fff8f4c6000 	C:\Windows\system32\opengl32.dll
0x00007fff8eeb0000 - 0x00007fff8eedc000 	C:\Windows\SYSTEM32\GLU32.dll
0x00007fffdb720000 - 0x00007fffdb740000 	C:\Windows\SYSTEM32\dxcore.dll
0x00007fffa1300000 - 0x00007fffa14c7000 	C:\Windows\system32\d3d9.dll
0x00007fffd6210000 - 0x00007fffd63f0000 	C:\Windows\System32\DriverStore\FileRepository\u0346940.inf_amd64_1ea00c8019a8594e\B346681\aticfx64.dll
0x00007fff7fc70000 - 0x00007fff82736000 	C:\Windows\System32\DriverStore\FileRepository\u0346940.inf_amd64_1ea00c8019a8594e\B346681\amdxn64.dll
0x00007fffd3670000 - 0x00007fffd369b000 	C:\Windows\SYSTEM32\amdihk64.dll
0x00007fffba900000 - 0x00007fffba980000 	C:\Program Files\Java\jdk-12.0.2\bin\freetype.dll
0x00007fffb0c60000 - 0x00007fffb0d0b000 	C:\Program Files\Java\jdk-12.0.2\bin\fontmanager.dll
0x00007fffd2a90000 - 0x00007fffd2b2e000 	C:\Windows\System32\TextInputFramework.dll
0x00007fffd87e0000 - 0x00007fffd8b0a000 	C:\Windows\System32\CoreUIComponents.dll
0x00007fffda8f0000 - 0x00007fffda9c4000 	C:\Windows\System32\CoreMessaging.dll
0x00007fffdd1f0000 - 0x00007fffdd221000 	C:\Windows\SYSTEM32\ntmarta.dll
0x00007fffd8530000 - 0x00007fffd8683000 	C:\Windows\SYSTEM32\wintypes.dll
0x00007fffc93e0000 - 0x00007fffc9445000 	C:\Windows\system32\Oleacc.dll
0x00007fffdf0f0000 - 0x00007fffdf192000 	C:\Windows\System32\clbcatq.dll
0x00007fffd8040000 - 0x00007fffd81ef000 	C:\Windows\SYSTEM32\WindowsCodecs.dll
0x00007fffb3d30000 - 0x00007fffb3d6a000 	C:\Windows\system32\dataexchange.dll
0x00007fffd9ce0000 - 0x00007fffd9f3b000 	C:\Windows\system32\d3d11.dll
0x00007fffda3a0000 - 0x00007fffda57b000 	C:\Windows\system32\dcomp.dll
0x00007fffdb7b0000 - 0x00007fffdb89b000 	C:\Windows\system32\dxgi.dll
0x00007fffdaee0000 - 0x00007fffdb13a000 	C:\Windows\system32\twinapi.appcore.dll
0x00007fffdb310000 - 0x00007fffdb339000 	C:\Windows\system32\RMCLIENT.dll

dbghelp: loaded successfully - version: 4.0.5 - missing functions: none
symbol engine: initialized successfully - sym options: 0x614 - pdb path: .;C:\Program Files\Java\jdk-12.0.2\bin;C:\Windows\SYSTEM32;C:\Program Files\AVAST Software\Avast;C:\Windows\WinSxS\amd64_microsoft.windows.common-controls_6595b64144ccf1df_6.0.18362.476_none_e6c4b11b130f2595;C:\Program Files\Java\jdk-12.0.2\bin\server;E:\Program Files (x86)\netbeans\profiler\lib\deployed\jdk16\windows-amd64;C:\Windows\System32\DriverStore\FileRepository\u0346940.inf_amd64_1ea00c8019a8594e\B346681

VM Arguments:
jvm_args: -Dfile.encoding=UTF-8 -agentpath:E:/Program Files (x86)/netbeans/profiler/lib/deployed/jdk16/windows-amd64/profilerinterface.dll=E:\Program Files (x86)\netbeans\profiler\lib,5140,10 -XX:+HeapDumpOnOutOfMemoryError -XX:HeapDumpPath=E:\Yann\Code\projet_info3A_2019_2020\nbproject\private\profiler 
java_command: dijkstra.Main
java_class_path (initial): E:\Yann\Code\projet_info3A_2019_2020\build\classes
Launcher Type: SUN_STANDARD

[Global flags]
     intx CICompilerCount                          = 4                                         {product} {ergonomic}
     uint ConcGCThreads                            = 3                                         {product} {ergonomic}
     uint G1ConcRefinementThreads                  = 10                                        {product} {ergonomic}
   size_t G1HeapRegionSize                         = 2097152                                   {product} {ergonomic}
    uintx GCDrainStackTargetSize                   = 64                                        {product} {ergonomic}
     bool HeapDumpOnOutOfMemoryError               = true                                   {manageable} {command line}
    ccstr HeapDumpPath                             = E:\Yann\Code\projet_info3A_2019_2020\nbproject\private\profiler         {manageable} {command line}
   size_t InitialHeapSize                          = 536870912                                 {product} {ergonomic}
   size_t MarkStackSize                            = 4194304                                   {product} {ergonomic}
   size_t MaxHeapSize                              = 8571060224                                {product} {ergonomic}
   size_t MaxNewSize                               = 5142216704                                {product} {ergonomic}
   size_t MinHeapDeltaBytes                        = 2097152                                   {product} {ergonomic}
    uintx NonNMethodCodeHeapSize                   = 5836300                                {pd product} {ergonomic}
    uintx NonProfiledCodeHeapSize                  = 122910970                              {pd product} {ergonomic}
    uintx ProfiledCodeHeapSize                     = 122910970                              {pd product} {ergonomic}
    uintx ReservedCodeCacheSize                    = 251658240                              {pd product} {ergonomic}
     bool SegmentedCodeCache                       = true                                      {product} {ergonomic}
     bool UseCompressedClassPointers               = true                                 {lp64_product} {ergonomic}
     bool UseCompressedOops                        = true                                 {lp64_product} {ergonomic}
     bool UseG1GC                                  = true                                      {product} {ergonomic}
     bool UseLargePagesIndividualAllocation        = false                                  {pd product} {ergonomic}

Logging:
Log output configuration:
 #0: stdout all=warning uptime,level,tags
 #1: stderr all=off uptime,level,tags

Environment Variables:
PATH=C:\Program Files (x86)\NVIDIA Corporation\PhysX\Common;E:\Program Files (x86)\ARM\ADSv1_2\bin;C:\Windows\system32;C:\Windows;C:\Windows\System32\Wbem;C:\Windows\System32\WindowsPowerShell\v1.0\;C:\Windows\System32\OpenSSH\;E:\Program Files\Microsoft VS Code\bin;C:\Program Files\CMake\bin;E:\Program Files\MATLAB\R2018a\runtime\win64;E:\Program Files\MATLAB\R2018a\bin;E:\Python\3.7\Scripts\;E:\Python\3.7\;C:\Users\Yann\AppData\Local\Microsoft\WindowsApps;;E:\Program Files\Microsoft VS Code\bin;C:\Users\Yann\AppData\Local\hyper\app-3.0.2\resources\bin
USERNAME=Yann
OS=Windows_NT
PROCESSOR_IDENTIFIER=AMD64 Family 23 Model 113 Stepping 0, AuthenticAMD



---------------  S Y S T E M  ---------------

OS: Windows 10 , 64 bit Build 18362 (10.0.18362.329)

CPU:total 12 (initial active 12) (12 cores per cpu, 2 threads per core) family 23 model 113 stepping 0, cmov, cx8, fxsr, mmx, sse, sse2, sse3, ssse3, sse4.1, sse4.2, popcnt, avx, avx2, aes, clmul, mmxext, 3dnowpref, lzcnt, sse4a, ht, tsc, tscinvbit, tscinv, bmi1, bmi2, adx, sha, fma

Memory: 4k page, system-wide physical 32688M (24279M free)
TotalPageFile size 37552M (AvailPageFile size 24885M)
current process WorkingSet (physical memory assigned to process): 404M, peak: 416M
current process commit charge ("private bytes"): 725M, peak: 740M

vm_info: Java HotSpot(TM) 64-Bit Server VM (12.0.2+10) for windows-amd64 JRE (12.0.2+10), built on Jul 16 2019 01:56:17 by "mach5one" with MS VC++ 15.5 (VS2017)

END.
